<?xml version="1.0" encoding="UTF-8"?>
<!-- Generated by org.testng.reporters.JUnitReportReporter -->
<testsuite name="testcases.TestCase2" tests="1" time="4.878" ignored="0" failures="0" timestamp="28 feb 2018 08:29:44 GMT" skipped="0" hostname="PL1SEGOT0002NB" errors="0">
  <testcase name="testcase2" time="4.878" classname="testcases.TestCase2"/>
</testsuite> <!-- testcases.TestCase2 -->
