<?xml version="1.0" encoding="UTF-8"?>
<!-- Generated by org.testng.reporters.JUnitReportReporter -->
<testsuite name="testcases.TestCase3" tests="1" time="5.571" ignored="0" failures="0" timestamp="28 feb 2018 08:29:44 GMT" skipped="0" hostname="PL1SEGOT0002NB" errors="0">
  <testcase name="testcase3" time="5.571" classname="testcases.TestCase3"/>
</testsuite> <!-- testcases.TestCase3 -->
