<?xml version="1.0" encoding="UTF-8"?>
<!-- Generated by org.testng.reporters.JUnitReportReporter -->
<testsuite name="testcases.TestCase4" tests="1" time="3.104" ignored="0" failures="0" timestamp="22 feb 2018 21:05:34 GMT" skipped="0" hostname="PL1SEGOT0002NB" errors="0">
  <testcase name="testcase4" time="3.104" classname="testcases.TestCase4"/>
</testsuite> <!-- testcases.TestCase4 -->
