<?xml version="1.0" encoding="UTF-8"?>
<!-- Generated by org.testng.reporters.JUnitReportReporter -->
<testsuite name="testcases.TestCase4" tests="1" time="3.070" ignored="0" failures="0" timestamp="03 mar 2018 13:44:00 GMT" skipped="0" hostname="PL1SEGOT0002NB" errors="0">
  <testcase name="testcase4" time="3.070" classname="testcases.TestCase4"/>
</testsuite> <!-- testcases.TestCase4 -->
