<?xml version="1.0" encoding="UTF-8"?>
<!-- Generated by org.testng.reporters.JUnitReportReporter -->
<testsuite name="testcases.TestCase4" tests="1" time="3.575" ignored="0" failures="0" timestamp="22 feb 2018 20:48:35 GMT" skipped="0" hostname="PL1SEGOT0002NB" errors="0">
  <testcase name="testcase1" time="3.575" classname="testcases.TestCase4"/>
</testsuite> <!-- testcases.TestCase4 -->
